0 info it worked if it ends with ok
1 verbose cli [ '/usr/local/bin/node', '/usr/local/bin/npm', 'i', 'bower', '-g' ]
2 info using npm@3.10.10
3 info using node@v6.10.3
4 silly loadCurrentTree Starting
5 silly install loadCurrentTree
6 silly install readGlobalPackageData
7 silly fetchPackageMetaData bower
8 silly fetchNamedPackageData bower
9 silly mapToRegistry name bower
10 silly mapToRegistry using default registry
11 silly mapToRegistry registry https://registry.npmjs.org/
12 silly mapToRegistry data Result {
12 silly mapToRegistry   raw: 'bower',
12 silly mapToRegistry   scope: null,
12 silly mapToRegistry   escapedName: 'bower',
12 silly mapToRegistry   name: 'bower',
12 silly mapToRegistry   rawSpec: '',
12 silly mapToRegistry   spec: 'latest',
12 silly mapToRegistry   type: 'tag' }
13 silly mapToRegistry uri https://registry.npmjs.org/bower
14 verbose request uri https://registry.npmjs.org/bower
15 verbose request no auth needed
16 info attempt registry request try #1 at 10:17:45
17 verbose request id dc19c5725d54604c
18 http request GET https://registry.npmjs.org/bower
19 info retry will retry, error on last attempt: Error: connect ETIMEDOUT 151.101.72.162:443
20 info attempt registry request try #2 at 10:19:10
21 http request GET https://registry.npmjs.org/bower
22 info retry will retry, error on last attempt: Error: read ECONNRESET
23 info attempt registry request try #3 at 10:21:59
24 http request GET https://registry.npmjs.org/bower
25 http 200 https://registry.npmjs.org/bower
26 verbose headers { server: 'nginx/1.10.1',
26 verbose headers   'content-type': 'application/json',
26 verbose headers   'last-modified': 'Mon, 30 Oct 2017 10:21:03 GMT',
26 verbose headers   etag: 'W/"59f6fd0f-30039"',
26 verbose headers   'content-encoding': 'gzip',
26 verbose headers   'cache-control': 'max-age=300',
26 verbose headers   'content-length': '17420',
26 verbose headers   'accept-ranges': 'bytes',
26 verbose headers   date: 'Wed, 08 Nov 2017 02:22:03 GMT',
26 verbose headers   via: '1.1 varnish',
26 verbose headers   age: '33',
26 verbose headers   connection: 'keep-alive',
26 verbose headers   'x-served-by': 'cache-nrt6148-NRT',
26 verbose headers   'x-cache': 'HIT',
26 verbose headers   'x-cache-hits': '1',
26 verbose headers   'x-timer': 'S1510107723.448293,VS0,VE0',
26 verbose headers   vary: 'Accept-Encoding, Accept' }
27 silly get cb [ 200,
27 silly get   { server: 'nginx/1.10.1',
27 silly get     'content-type': 'application/json',
27 silly get     'last-modified': 'Mon, 30 Oct 2017 10:21:03 GMT',
27 silly get     etag: 'W/"59f6fd0f-30039"',
27 silly get     'content-encoding': 'gzip',
27 silly get     'cache-control': 'max-age=300',
27 silly get     'content-length': '17420',
27 silly get     'accept-ranges': 'bytes',
27 silly get     date: 'Wed, 08 Nov 2017 02:22:03 GMT',
27 silly get     via: '1.1 varnish',
27 silly get     age: '33',
27 silly get     connection: 'keep-alive',
27 silly get     'x-served-by': 'cache-nrt6148-NRT',
27 silly get     'x-cache': 'HIT',
27 silly get     'x-cache-hits': '1',
27 silly get     'x-timer': 'S1510107723.448293,VS0,VE0',
27 silly get     vary: 'Accept-Encoding, Accept' } ]
28 verbose get saving bower to /Users/Fizzo/.npm/registry.npmjs.org/bower/.cache.json
29 verbose correctMkdir /Users/Fizzo/.npm correctMkdir not in flight; initializing
30 silly install normalizeTree
31 silly loadCurrentTree Finishing
32 silly loadIdealTree Starting
33 silly install loadIdealTree
34 silly cloneCurrentTree Starting
35 silly install cloneCurrentTreeToIdealTree
36 silly cloneCurrentTree Finishing
37 silly loadShrinkwrap Starting
38 silly install loadShrinkwrap
39 silly loadShrinkwrap Finishing
40 silly loadAllDepsIntoIdealTree Starting
41 silly install loadAllDepsIntoIdealTree
42 silly resolveWithNewModule bower@1.8.2 checking installable status
43 silly cache add args [ 'bower', null ]
44 verbose cache add spec bower
45 silly cache add parsed spec Result {
45 silly cache add   raw: 'bower',
45 silly cache add   scope: null,
45 silly cache add   escapedName: 'bower',
45 silly cache add   name: 'bower',
45 silly cache add   rawSpec: '',
45 silly cache add   spec: 'latest',
45 silly cache add   type: 'tag' }
46 silly addNamed bower@latest
47 verbose addNamed "latest" is being treated as a dist-tag for bower
48 info addNameTag [ 'bower', 'latest' ]
49 silly mapToRegistry name bower
50 silly mapToRegistry using default registry
51 silly mapToRegistry registry https://registry.npmjs.org/
52 silly mapToRegistry data Result {
52 silly mapToRegistry   raw: 'bower',
52 silly mapToRegistry   scope: null,
52 silly mapToRegistry   escapedName: 'bower',
52 silly mapToRegistry   name: 'bower',
52 silly mapToRegistry   rawSpec: '',
52 silly mapToRegistry   spec: 'latest',
52 silly mapToRegistry   type: 'tag' }
53 silly mapToRegistry uri https://registry.npmjs.org/bower
54 verbose addNameTag registry:https://registry.npmjs.org/bower not in flight; fetching
55 verbose get https://registry.npmjs.org/bower not expired, no request
56 silly addNameTag next cb for bower with tag latest
57 silly addNamed bower@1.8.2
58 verbose addNamed "1.8.2" is a plain semver version for bower
59 warn deprecated bower@1.8.2: ...psst! Your project can stop working at any moment because its dependencies can change. Prevent this by migrating to Yarn: https://bower.io/blog/2017/how-to-migrate-away-from-bower/
60 silly mapToRegistry name bower
61 silly mapToRegistry using default registry
62 silly mapToRegistry registry https://registry.npmjs.org/
63 silly mapToRegistry data Result {
63 silly mapToRegistry   raw: 'bower',
63 silly mapToRegistry   scope: null,
63 silly mapToRegistry   escapedName: 'bower',
63 silly mapToRegistry   name: 'bower',
63 silly mapToRegistry   rawSpec: '',
63 silly mapToRegistry   spec: 'latest',
63 silly mapToRegistry   type: 'tag' }
64 silly mapToRegistry uri https://registry.npmjs.org/bower
65 verbose addRemoteTarball https://registry.npmjs.org/bower/-/bower-1.8.2.tgz not in flight; adding
66 verbose addRemoteTarball [ 'https://registry.npmjs.org/bower/-/bower-1.8.2.tgz',
66 verbose addRemoteTarball   'adf53529c8d4af02ef24fb8d5341c1419d33e2f7' ]
67 info retry fetch attempt 1 at 10:22:04
68 info attempt registry request try #1 at 10:22:04
69 http fetch GET https://registry.npmjs.org/bower/-/bower-1.8.2.tgz
70 http fetch 200 https://registry.npmjs.org/bower/-/bower-1.8.2.tgz
71 silly fetchAndShaCheck shasum adf53529c8d4af02ef24fb8d5341c1419d33e2f7
72 verbose addTmpTarball /var/folders/1l/tlc3t9js30vdtxpm163z2j0c0000gn/T/npm-64797-36d80971/registry.npmjs.org/bower/-/bower-1.8.2.tgz not in flight; adding
73 verbose addTmpTarball already have metadata; skipping unpack for bower@1.8.2
74 verbose correctMkdir /Users/Fizzo/.npm correctMkdir not in flight; initializing
75 silly cache afterAdd bower@1.8.2
76 verbose afterAdd /Users/Fizzo/.npm/bower/1.8.2/package/package.json not in flight; writing
77 verbose correctMkdir /Users/Fizzo/.npm correctMkdir not in flight; initializing
78 verbose afterAdd /Users/Fizzo/.npm/bower/1.8.2/package/package.json written
79 silly loadAllDepsIntoIdealTree Finishing
80 silly loadIdealTree Finishing
81 silly currentTree lib
82 silly idealTree lib
82 silly idealTree └── bower@1.8.2
83 silly generateActionsToTake Starting
84 silly install generateActionsToTake
85 warn checkPermissions Missing write access to /usr/local/lib/node_modules
86 silly rollbackFailedOptional Starting
87 silly rollbackFailedOptional Finishing
88 silly runTopLevelLifecycles Finishing
89 silly install printInstalled
90 verbose stack Error: EACCES: permission denied, access '/usr/local/lib/node_modules'
90 verbose stack     at Error (native)
91 verbose cwd /Users/Fizzo/Documents/workspace-js/love/love_web/static/assets/head_icons_png/woman/faxing_0
92 error Darwin 14.5.0
93 error argv "/usr/local/bin/node" "/usr/local/bin/npm" "i" "bower" "-g"
94 error node v6.10.3
95 error npm  v3.10.10
96 error path /usr/local/lib/node_modules
97 error code EACCES
98 error errno -13
99 error syscall access
100 error Error: EACCES: permission denied, access '/usr/local/lib/node_modules'
100 error     at Error (native)
100 error  { Error: EACCES: permission denied, access '/usr/local/lib/node_modules'
100 error     at Error (native)
100 error   errno: -13,
100 error   code: 'EACCES',
100 error   syscall: 'access',
100 error   path: '/usr/local/lib/node_modules' }
101 error Please try running this command again as root/Administrator.
102 verbose exit [ -13, true ]
